running egg_info
creating build/the_ferg/the_ferg.egg-info
writing build/the_ferg/the_ferg.egg-info/PKG-INFO
writing dependency_links to build/the_ferg/the_ferg.egg-info/dependency_links.txt
writing entry points to build/the_ferg/the_ferg.egg-info/entry_points.txt
writing requirements to build/the_ferg/the_ferg.egg-info/requires.txt
writing top-level names to build/the_ferg/the_ferg.egg-info/top_level.txt
writing manifest file 'build/the_ferg/the_ferg.egg-info/SOURCES.txt'
reading manifest file 'build/the_ferg/the_ferg.egg-info/SOURCES.txt'
writing manifest file 'build/the_ferg/the_ferg.egg-info/SOURCES.txt'
running build
running build_py
creating /home/anastasiaspencer/ros2_ws/the_ferg/build/the_ferg/build
creating /home/anastasiaspencer/ros2_ws/the_ferg/build/the_ferg/build/lib
creating /home/anastasiaspencer/ros2_ws/the_ferg/build/the_ferg/build/lib/AnastasiaSpencer
copying AnastasiaSpencer/__init__.py -> /home/anastasiaspencer/ros2_ws/the_ferg/build/the_ferg/build/lib/AnastasiaSpencer
running install
running install_lib
creating /home/anastasiaspencer/ros2_ws/the_ferg/install/the_ferg/lib/python3.10/site-packages/AnastasiaSpencer
copying /home/anastasiaspencer/ros2_ws/the_ferg/build/the_ferg/build/lib/AnastasiaSpencer/__init__.py -> /home/anastasiaspencer/ros2_ws/the_ferg/install/the_ferg/lib/python3.10/site-packages/AnastasiaSpencer
byte-compiling /home/anastasiaspencer/ros2_ws/the_ferg/install/the_ferg/lib/python3.10/site-packages/AnastasiaSpencer/__init__.py to __init__.cpython-310.pyc
running install_data
creating /home/anastasiaspencer/ros2_ws/the_ferg/install/the_ferg/share/the_ferg/launch
copying launch/run_webots.launch.py -> /home/anastasiaspencer/ros2_ws/the_ferg/install/the_ferg/share/the_ferg/launch
creating /home/anastasiaspencer/ros2_ws/the_ferg/install/the_ferg/share/the_ferg/worlds
copying worlds/FirstFloorStudentCenter.wbt -> /home/anastasiaspencer/ros2_ws/the_ferg/install/the_ferg/share/the_ferg/worlds
running install_egg_info
Copying build/the_ferg/the_ferg.egg-info to /home/anastasiaspencer/ros2_ws/the_ferg/install/the_ferg/lib/python3.10/site-packages/the_ferg-0.0.0-py3.10.egg-info
running install_scripts
writing list of installed files to '/home/anastasiaspencer/ros2_ws/the_ferg/build/the_ferg/install.log'
