[0.078s] DEBUG:colcon:Command line arguments: ['/usr/bin/colcon', 'build']
[0.078s] DEBUG:colcon:Parsed command line arguments: Namespace(log_base=None, log_level=None, verb_name='build', build_base='build', install_base='install', merge_install=False, symlink_install=False, test_result_base=None, continue_on_error=False, executor='parallel', parallel_workers=4, event_handlers=None, ignore_user_meta=False, metas=['./colcon.meta'], base_paths=['.'], packages_ignore=None, packages_ignore_regex=None, paths=None, packages_up_to=None, packages_up_to_regex=None, packages_above=None, packages_above_and_dependencies=None, packages_above_depth=None, packages_select_by_dep=None, packages_skip_by_dep=None, packages_skip_up_to=None, packages_select_build_failed=False, packages_skip_build_finished=False, packages_select_test_failures=False, packages_skip_test_passed=False, packages_select=None, packages_skip=None, packages_select_regex=None, packages_skip_regex=None, packages_start=None, packages_end=None, allow_overriding=[], cmake_args=None, cmake_target=None, cmake_target_skip_unavailable=False, cmake_clean_cache=False, cmake_clean_first=False, cmake_force_configure=False, ament_cmake_args=None, catkin_cmake_args=None, catkin_skip_building_tests=False, mixin_files=None, mixin=None, verb_parser=<colcon_mixin.mixin.mixin_argument.MixinArgumentDecorator object at 0xf1b44945ece0>, verb_extension=<colcon_core.verb.build.BuildVerb object at 0xf1b4496d8670>, main=<bound method BuildVerb.main of <colcon_core.verb.build.BuildVerb object at 0xf1b4496d8670>>, mixin_verb=('build',))
[0.180s] Level 1:colcon.colcon_core.package_discovery:discover_packages(colcon_meta) check parameters
[0.180s] Level 1:colcon.colcon_core.package_discovery:discover_packages(recursive) check parameters
[0.180s] Level 1:colcon.colcon_core.package_discovery:discover_packages(ignore) check parameters
[0.180s] Level 1:colcon.colcon_core.package_discovery:discover_packages(path) check parameters
[0.180s] Level 1:colcon.colcon_core.package_discovery:discover_packages(colcon_meta) discover
[0.180s] Level 1:colcon.colcon_core.package_discovery:discover_packages(recursive) discover
[0.180s] INFO:colcon.colcon_core.package_discovery:Crawling recursively for packages in '/home/anastasiaspencer/ros2_ws/the_ferg'
[0.180s] Level 1:colcon.colcon_core.package_identification:_identify(.) by extensions ['ignore', 'ignore_ament_install']
[0.180s] Level 1:colcon.colcon_core.package_identification:_identify(.) by extension 'ignore'
[0.180s] Level 1:colcon.colcon_core.package_identification:_identify(.) by extension 'ignore_ament_install'
[0.181s] Level 1:colcon.colcon_core.package_identification:_identify(.) by extensions ['colcon_pkg']
[0.181s] Level 1:colcon.colcon_core.package_identification:_identify(.) by extension 'colcon_pkg'
[0.181s] Level 1:colcon.colcon_core.package_identification:_identify(.) by extensions ['colcon_meta']
[0.181s] Level 1:colcon.colcon_core.package_identification:_identify(.) by extension 'colcon_meta'
[0.181s] Level 1:colcon.colcon_core.package_identification:_identify(.) by extensions ['ros']
[0.181s] Level 1:colcon.colcon_core.package_identification:_identify(.) by extension 'ros'
[0.189s] DEBUG:colcon.colcon_core.package_identification:Package '.' with type 'ros.ament_python' and name 'the_ferg'
[0.189s] Level 1:colcon.colcon_core.package_discovery:discover_packages(recursive) using defaults
[0.189s] Level 1:colcon.colcon_core.package_discovery:discover_packages(ignore) discover
[0.189s] Level 1:colcon.colcon_core.package_discovery:discover_packages(ignore) using defaults
[0.189s] Level 1:colcon.colcon_core.package_discovery:discover_packages(path) discover
[0.189s] Level 1:colcon.colcon_core.package_discovery:discover_packages(path) using defaults
[0.205s] Level 1:colcon.colcon_core.package_discovery:discover_packages(prefix_path) check parameters
[0.205s] Level 1:colcon.colcon_core.package_discovery:discover_packages(prefix_path) discover
[0.206s] DEBUG:colcon.colcon_installed_package_information.package_discovery:Found 2 installed packages in /home/anastasiaspencer/ros2_ws/the_ferg/install
[0.206s] DEBUG:colcon.colcon_installed_package_information.package_discovery:Found 3 installed packages in /home/anastasiaspencer/ros2_ws/install
[0.207s] DEBUG:colcon.colcon_installed_package_information.package_discovery:Found 358 installed packages in /opt/ros/humble
[0.208s] Level 1:colcon.colcon_core.package_discovery:discover_packages(prefix_path) using defaults
[0.241s] Level 5:colcon.colcon_core.verb:set package 'the_ferg' build argument 'cmake_args' from command line to 'None'
[0.241s] Level 5:colcon.colcon_core.verb:set package 'the_ferg' build argument 'cmake_target' from command line to 'None'
[0.241s] Level 5:colcon.colcon_core.verb:set package 'the_ferg' build argument 'cmake_target_skip_unavailable' from command line to 'False'
[0.241s] Level 5:colcon.colcon_core.verb:set package 'the_ferg' build argument 'cmake_clean_cache' from command line to 'False'
[0.241s] Level 5:colcon.colcon_core.verb:set package 'the_ferg' build argument 'cmake_clean_first' from command line to 'False'
[0.241s] Level 5:colcon.colcon_core.verb:set package 'the_ferg' build argument 'cmake_force_configure' from command line to 'False'
[0.241s] Level 5:colcon.colcon_core.verb:set package 'the_ferg' build argument 'ament_cmake_args' from command line to 'None'
[0.241s] Level 5:colcon.colcon_core.verb:set package 'the_ferg' build argument 'catkin_cmake_args' from command line to 'None'
[0.241s] Level 5:colcon.colcon_core.verb:set package 'the_ferg' build argument 'catkin_skip_building_tests' from command line to 'False'
[0.241s] DEBUG:colcon.colcon_core.verb:Building package 'the_ferg' with the following arguments: {'ament_cmake_args': None, 'build_base': '/home/anastasiaspencer/ros2_ws/the_ferg/build/the_ferg', 'catkin_cmake_args': None, 'catkin_skip_building_tests': False, 'cmake_args': None, 'cmake_clean_cache': False, 'cmake_clean_first': False, 'cmake_force_configure': False, 'cmake_target': None, 'cmake_target_skip_unavailable': False, 'install_base': '/home/anastasiaspencer/ros2_ws/the_ferg/install/the_ferg', 'merge_install': False, 'path': '/home/anastasiaspencer/ros2_ws/the_ferg', 'symlink_install': False, 'test_result_base': None}
[0.241s] INFO:colcon.colcon_core.executor:Executing jobs using 'parallel' executor
[0.242s] DEBUG:colcon.colcon_parallel_executor.executor.parallel:run_until_complete
[0.242s] INFO:colcon.colcon_ros.task.ament_python.build:Building ROS package in '/home/anastasiaspencer/ros2_ws/the_ferg' with build type 'ament_python'
[0.242s] Level 1:colcon.colcon_core.shell:create_environment_hook('the_ferg', 'ament_prefix_path')
[0.244s] INFO:colcon.colcon_core.plugin_system:Skipping extension 'colcon_core.shell.bat': Not used on non-Windows systems
[0.244s] INFO:colcon.colcon_core.shell:Creating environment hook '/home/anastasiaspencer/ros2_ws/the_ferg/install/the_ferg/share/the_ferg/hook/ament_prefix_path.ps1'
[0.245s] INFO:colcon.colcon_core.shell:Creating environment descriptor '/home/anastasiaspencer/ros2_ws/the_ferg/install/the_ferg/share/the_ferg/hook/ament_prefix_path.dsv'
[0.245s] INFO:colcon.colcon_core.shell:Creating environment hook '/home/anastasiaspencer/ros2_ws/the_ferg/install/the_ferg/share/the_ferg/hook/ament_prefix_path.sh'
[0.245s] INFO:colcon.colcon_core.shell:Skip shell extension 'powershell' for command environment: Not usable outside of PowerShell
[0.245s] DEBUG:colcon.colcon_core.shell:Skip shell extension 'dsv' for command environment
[0.393s] WARNING:colcon.colcon_ros.task.ament_python.build:Package 'the_ferg' doesn't explicitly install a marker in the package index (colcon-ros currently does it implicitly but that fallback will be removed in the future)
[0.393s] WARNING:colcon.colcon_ros.task.ament_python.build:Package 'the_ferg' doesn't explicitly install the 'package.xml' file (colcon-ros currently does it implicitly but that fallback will be removed in the future)
[0.394s] INFO:colcon.colcon_core.task.python.build:Building Python package in '/home/anastasiaspencer/ros2_ws/the_ferg'
[0.394s] INFO:colcon.colcon_core.shell:Skip shell extension 'powershell' for command environment: Not usable outside of PowerShell
[0.394s] DEBUG:colcon.colcon_core.shell:Skip shell extension 'dsv' for command environment
[0.584s] DEBUG:colcon.colcon_core.event_handler.log_command:Invoking command in '/home/anastasiaspencer/ros2_ws/the_ferg': PYTHONPATH=/home/anastasiaspencer/ros2_ws/the_ferg/build/the_ferg/prefix_override:/usr/lib/python3/dist-packages/colcon_core/task/python/colcon_distutils_commands:/home/anastasiaspencer/ros2_ws/the_ferg/install/the_ferg/lib/python3.10/site-packages:${PYTHONPATH} /usr/bin/python3 -W ignore:setup.py install is deprecated setup.py egg_info --egg-base build/the_ferg build --build-base /home/anastasiaspencer/ros2_ws/the_ferg/build/the_ferg/build install --record /home/anastasiaspencer/ros2_ws/the_ferg/build/the_ferg/install.log --single-version-externally-managed install_data
[0.740s] DEBUG:colcon.colcon_core.event_handler.log_command:Invoked command in '/home/anastasiaspencer/ros2_ws/the_ferg' returned '0': PYTHONPATH=/home/anastasiaspencer/ros2_ws/the_ferg/build/the_ferg/prefix_override:/usr/lib/python3/dist-packages/colcon_core/task/python/colcon_distutils_commands:/home/anastasiaspencer/ros2_ws/the_ferg/install/the_ferg/lib/python3.10/site-packages:${PYTHONPATH} /usr/bin/python3 -W ignore:setup.py install is deprecated setup.py egg_info --egg-base build/the_ferg build --build-base /home/anastasiaspencer/ros2_ws/the_ferg/build/the_ferg/build install --record /home/anastasiaspencer/ros2_ws/the_ferg/build/the_ferg/install.log --single-version-externally-managed install_data
[0.742s] Level 1:colcon.colcon_core.environment:checking '/home/anastasiaspencer/ros2_ws/the_ferg/install/the_ferg' for CMake module files
[0.742s] Level 1:colcon.colcon_core.environment:checking '/home/anastasiaspencer/ros2_ws/the_ferg/install/the_ferg' for CMake config files
[0.743s] Level 1:colcon.colcon_core.environment:checking '/home/anastasiaspencer/ros2_ws/the_ferg/install/the_ferg/lib'
[0.743s] Level 1:colcon.colcon_core.environment:checking '/home/anastasiaspencer/ros2_ws/the_ferg/install/the_ferg/bin'
[0.743s] Level 1:colcon.colcon_core.environment:checking '/home/anastasiaspencer/ros2_ws/the_ferg/install/the_ferg/lib/pkgconfig/the_ferg.pc'
[0.743s] Level 1:colcon.colcon_core.environment:checking '/home/anastasiaspencer/ros2_ws/the_ferg/install/the_ferg/lib/python3.10/site-packages'
[0.743s] Level 1:colcon.colcon_core.shell:create_environment_hook('the_ferg', 'pythonpath')
[0.743s] INFO:colcon.colcon_core.shell:Creating environment hook '/home/anastasiaspencer/ros2_ws/the_ferg/install/the_ferg/share/the_ferg/hook/pythonpath.ps1'
[0.744s] INFO:colcon.colcon_core.shell:Creating environment descriptor '/home/anastasiaspencer/ros2_ws/the_ferg/install/the_ferg/share/the_ferg/hook/pythonpath.dsv'
[0.744s] INFO:colcon.colcon_core.shell:Creating environment hook '/home/anastasiaspencer/ros2_ws/the_ferg/install/the_ferg/share/the_ferg/hook/pythonpath.sh'
[0.744s] Level 1:colcon.colcon_core.environment:checking '/home/anastasiaspencer/ros2_ws/the_ferg/install/the_ferg/bin'
[0.744s] Level 1:colcon.colcon_core.environment:create_environment_scripts_only(the_ferg)
[0.744s] INFO:colcon.colcon_core.shell:Creating package script '/home/anastasiaspencer/ros2_ws/the_ferg/install/the_ferg/share/the_ferg/package.ps1'
[0.745s] INFO:colcon.colcon_core.shell:Creating package descriptor '/home/anastasiaspencer/ros2_ws/the_ferg/install/the_ferg/share/the_ferg/package.dsv'
[0.745s] INFO:colcon.colcon_core.shell:Creating package script '/home/anastasiaspencer/ros2_ws/the_ferg/install/the_ferg/share/the_ferg/package.sh'
[0.746s] INFO:colcon.colcon_core.shell:Creating package script '/home/anastasiaspencer/ros2_ws/the_ferg/install/the_ferg/share/the_ferg/package.bash'
[0.746s] INFO:colcon.colcon_core.shell:Creating package script '/home/anastasiaspencer/ros2_ws/the_ferg/install/the_ferg/share/the_ferg/package.zsh'
[0.747s] Level 1:colcon.colcon_core.environment:create_file_with_runtime_dependencies(/home/anastasiaspencer/ros2_ws/the_ferg/install/the_ferg/share/colcon-core/packages/the_ferg)
[0.747s] DEBUG:colcon.colcon_parallel_executor.executor.parallel:closing loop
[0.747s] DEBUG:colcon.colcon_parallel_executor.executor.parallel:loop closed
[0.747s] DEBUG:colcon.colcon_parallel_executor.executor.parallel:run_until_complete finished with '0'
[0.747s] DEBUG:colcon.colcon_core.event_reactor:joining thread
[0.753s] INFO:colcon.colcon_core.plugin_system:Skipping extension 'colcon_notification.desktop_notification.terminal_notifier': Not used on non-Darwin systems
[0.753s] INFO:colcon.colcon_core.plugin_system:Skipping extension 'colcon_notification.desktop_notification.win32': Not used on non-Windows systems
[0.753s] INFO:colcon.colcon_notification.desktop_notification:Sending desktop notification using 'notify2'
[0.795s] DEBUG:colcon.colcon_core.event_reactor:joined thread
[0.796s] INFO:colcon.colcon_core.shell:Creating prefix script '/home/anastasiaspencer/ros2_ws/the_ferg/install/local_setup.ps1'
[0.796s] INFO:colcon.colcon_core.shell:Creating prefix util module '/home/anastasiaspencer/ros2_ws/the_ferg/install/_local_setup_util_ps1.py'
[0.798s] INFO:colcon.colcon_core.shell:Creating prefix chain script '/home/anastasiaspencer/ros2_ws/the_ferg/install/setup.ps1'
[0.799s] INFO:colcon.colcon_core.shell:Creating prefix script '/home/anastasiaspencer/ros2_ws/the_ferg/install/local_setup.sh'
[0.799s] INFO:colcon.colcon_core.shell:Creating prefix util module '/home/anastasiaspencer/ros2_ws/the_ferg/install/_local_setup_util_sh.py'
[0.800s] INFO:colcon.colcon_core.shell:Creating prefix chain script '/home/anastasiaspencer/ros2_ws/the_ferg/install/setup.sh'
[0.800s] INFO:colcon.colcon_core.shell:Creating prefix script '/home/anastasiaspencer/ros2_ws/the_ferg/install/local_setup.bash'
[0.801s] INFO:colcon.colcon_core.shell:Creating prefix chain script '/home/anastasiaspencer/ros2_ws/the_ferg/install/setup.bash'
[0.802s] INFO:colcon.colcon_core.shell:Creating prefix script '/home/anastasiaspencer/ros2_ws/the_ferg/install/local_setup.zsh'
[0.802s] INFO:colcon.colcon_core.shell:Creating prefix chain script '/home/anastasiaspencer/ros2_ws/the_ferg/install/setup.zsh'
