[0.359s] Invoking command in '/home/anastasiaspencer/ros2_ws/AnastasiaSpencer': PYTHONPATH=/home/anastasiaspencer/ros2_ws/AnastasiaSpencer/build/AnastasiaSpencer/prefix_override:/usr/lib/python3/dist-packages/colcon_core/task/python/colcon_distutils_commands:/home/anastasiaspencer/ros2_ws/AnastasiaSpencer/install/AnastasiaSpencer/lib/python3.10/site-packages:${PYTHONPATH} /usr/bin/python3 -W ignore:setup.py install is deprecated setup.py egg_info --egg-base build/AnastasiaSpencer build --build-base /home/anastasiaspencer/ros2_ws/AnastasiaSpencer/build/AnastasiaSpencer/build install --record /home/anastasiaspencer/ros2_ws/AnastasiaSpencer/build/AnastasiaSpencer/install.log --single-version-externally-managed install_data
[0.493s] running egg_info
[0.493s] writing build/AnastasiaSpencer/AnastasiaSpencer.egg-info/PKG-INFO
[0.494s] writing dependency_links to build/AnastasiaSpencer/AnastasiaSpencer.egg-info/dependency_links.txt
[0.494s] writing entry points to build/AnastasiaSpencer/AnastasiaSpencer.egg-info/entry_points.txt
[0.494s] writing requirements to build/AnastasiaSpencer/AnastasiaSpencer.egg-info/requires.txt
[0.494s] writing top-level names to build/AnastasiaSpencer/AnastasiaSpencer.egg-info/top_level.txt
[0.495s] reading manifest file 'build/AnastasiaSpencer/AnastasiaSpencer.egg-info/SOURCES.txt'
[0.496s] writing manifest file 'build/AnastasiaSpencer/AnastasiaSpencer.egg-info/SOURCES.txt'
[0.496s] running build
[0.496s] running build_py
[0.496s] running install
[0.496s] running install_lib
[0.497s] running install_data
[0.497s] running install_egg_info
[0.498s] removing '/home/anastasiaspencer/ros2_ws/AnastasiaSpencer/install/AnastasiaSpencer/lib/python3.10/site-packages/AnastasiaSpencer-0.0.0-py3.10.egg-info' (and everything under it)
[0.498s] Copying build/AnastasiaSpencer/AnastasiaSpencer.egg-info to /home/anastasiaspencer/ros2_ws/AnastasiaSpencer/install/AnastasiaSpencer/lib/python3.10/site-packages/AnastasiaSpencer-0.0.0-py3.10.egg-info
[0.499s] running install_scripts
[0.509s] writing list of installed files to '/home/anastasiaspencer/ros2_ws/AnastasiaSpencer/build/AnastasiaSpencer/install.log'
[0.523s] Invoked command in '/home/anastasiaspencer/ros2_ws/AnastasiaSpencer' returned '0': PYTHONPATH=/home/anastasiaspencer/ros2_ws/AnastasiaSpencer/build/AnastasiaSpencer/prefix_override:/usr/lib/python3/dist-packages/colcon_core/task/python/colcon_distutils_commands:/home/anastasiaspencer/ros2_ws/AnastasiaSpencer/install/AnastasiaSpencer/lib/python3.10/site-packages:${PYTHONPATH} /usr/bin/python3 -W ignore:setup.py install is deprecated setup.py egg_info --egg-base build/AnastasiaSpencer build --build-base /home/anastasiaspencer/ros2_ws/AnastasiaSpencer/build/AnastasiaSpencer/build install --record /home/anastasiaspencer/ros2_ws/AnastasiaSpencer/build/AnastasiaSpencer/install.log --single-version-externally-managed install_data
