running egg_info
creating build/AnastasiaSpencer/AnastasiaSpencer.egg-info
writing build/AnastasiaSpencer/AnastasiaSpencer.egg-info/PKG-INFO
writing dependency_links to build/AnastasiaSpencer/AnastasiaSpencer.egg-info/dependency_links.txt
writing entry points to build/AnastasiaSpencer/AnastasiaSpencer.egg-info/entry_points.txt
writing requirements to build/AnastasiaSpencer/AnastasiaSpencer.egg-info/requires.txt
writing top-level names to build/AnastasiaSpencer/AnastasiaSpencer.egg-info/top_level.txt
writing manifest file 'build/AnastasiaSpencer/AnastasiaSpencer.egg-info/SOURCES.txt'
reading manifest file 'build/AnastasiaSpencer/AnastasiaSpencer.egg-info/SOURCES.txt'
writing manifest file 'build/AnastasiaSpencer/AnastasiaSpencer.egg-info/SOURCES.txt'
running build
running build_py
creating /home/anastasiaspencer/ros2_ws/AnastasiaSpencer/build/AnastasiaSpencer/build
creating /home/anastasiaspencer/ros2_ws/AnastasiaSpencer/build/AnastasiaSpencer/build/lib
creating /home/anastasiaspencer/ros2_ws/AnastasiaSpencer/build/AnastasiaSpencer/build/lib/AnastasiaSpencer
copying AnastasiaSpencer/__init__.py -> /home/anastasiaspencer/ros2_ws/AnastasiaSpencer/build/AnastasiaSpencer/build/lib/AnastasiaSpencer
running install
running install_lib
creating /home/anastasiaspencer/ros2_ws/AnastasiaSpencer/install/AnastasiaSpencer/lib/python3.10/site-packages/AnastasiaSpencer
copying /home/anastasiaspencer/ros2_ws/AnastasiaSpencer/build/AnastasiaSpencer/build/lib/AnastasiaSpencer/__init__.py -> /home/anastasiaspencer/ros2_ws/AnastasiaSpencer/install/AnastasiaSpencer/lib/python3.10/site-packages/AnastasiaSpencer
byte-compiling /home/anastasiaspencer/ros2_ws/AnastasiaSpencer/install/AnastasiaSpencer/lib/python3.10/site-packages/AnastasiaSpencer/__init__.py to __init__.cpython-310.pyc
running install_data
creating /home/anastasiaspencer/ros2_ws/AnastasiaSpencer/install/AnastasiaSpencer/share/ament_index
creating /home/anastasiaspencer/ros2_ws/AnastasiaSpencer/install/AnastasiaSpencer/share/ament_index/resource_index
creating /home/anastasiaspencer/ros2_ws/AnastasiaSpencer/install/AnastasiaSpencer/share/ament_index/resource_index/packages
copying resource/AnastasiaSpencer -> /home/anastasiaspencer/ros2_ws/AnastasiaSpencer/install/AnastasiaSpencer/share/ament_index/resource_index/packages
copying package.xml -> /home/anastasiaspencer/ros2_ws/AnastasiaSpencer/install/AnastasiaSpencer/share/AnastasiaSpencer
running install_egg_info
Copying build/AnastasiaSpencer/AnastasiaSpencer.egg-info to /home/anastasiaspencer/ros2_ws/AnastasiaSpencer/install/AnastasiaSpencer/lib/python3.10/site-packages/AnastasiaSpencer-0.0.0-py3.10.egg-info
running install_scripts
writing list of installed files to '/home/anastasiaspencer/ros2_ws/AnastasiaSpencer/build/AnastasiaSpencer/install.log'
