running egg_info
writing build/the_ferg/the_ferg.egg-info/PKG-INFO
writing dependency_links to build/the_ferg/the_ferg.egg-info/dependency_links.txt
writing entry points to build/the_ferg/the_ferg.egg-info/entry_points.txt
writing requirements to build/the_ferg/the_ferg.egg-info/requires.txt
writing top-level names to build/the_ferg/the_ferg.egg-info/top_level.txt
reading manifest file 'build/the_ferg/the_ferg.egg-info/SOURCES.txt'
writing manifest file 'build/the_ferg/the_ferg.egg-info/SOURCES.txt'
running build
running build_py
creating /home/anastasiaspencer/ros2_ws/the_ferg/build/the_ferg/build/lib/the_ferg
copying the_ferg/__init__.py -> /home/anastasiaspencer/ros2_ws/the_ferg/build/the_ferg/build/lib/the_ferg
running install
running install_lib
creating /home/anastasiaspencer/ros2_ws/the_ferg/install/the_ferg/lib/python3.10/site-packages/the_ferg
copying /home/anastasiaspencer/ros2_ws/the_ferg/build/the_ferg/build/lib/the_ferg/__init__.py -> /home/anastasiaspencer/ros2_ws/the_ferg/install/the_ferg/lib/python3.10/site-packages/the_ferg
byte-compiling /home/anastasiaspencer/ros2_ws/the_ferg/install/the_ferg/lib/python3.10/site-packages/the_ferg/__init__.py to __init__.cpython-310.pyc
running install_data
copying worlds/FirstFloorStudentCenter.wbt -> /home/anastasiaspencer/ros2_ws/the_ferg/install/the_ferg/share/the_ferg/worlds
running install_egg_info
removing '/home/anastasiaspencer/ros2_ws/the_ferg/install/the_ferg/lib/python3.10/site-packages/the_ferg-0.0.0-py3.10.egg-info' (and everything under it)
Copying build/the_ferg/the_ferg.egg-info to /home/anastasiaspencer/ros2_ws/the_ferg/install/the_ferg/lib/python3.10/site-packages/the_ferg-0.0.0-py3.10.egg-info
running install_scripts
writing list of installed files to '/home/anastasiaspencer/ros2_ws/the_ferg/build/the_ferg/install.log'
